android/samples/RPSSample/build/outputs/logs/manifest-merger-debug-report.txt
-- Merging decision tree log ---
manifest
ADDED from samples\RPSSample\AndroidManifest.xml:22:1-79:12
	package
		ADDED from samples\RPSSample\AndroidManifest.xml:23:5-30
	android:versionName
		ADDED from samples\RPSSample\AndroidManifest.xml:25:5-30
		INJECTED from samples\RPSSample\AndroidManifest.xml
		INJECTED from samples\RPSSample\AndroidManifest.xml
	android:versionCode
		ADDED from samples\RPSSample\AndroidManifest.xml:24:5-28
		INJECTED from samples\RPSSample\AndroidManifest.xml
		INJECTED from samples\RPSSample\AndroidManifest.xml
	xmlns:android
		ADDED from samples\RPSSample\AndroidManifest.xml:22:11-69
uses-permission#android.permission.INTERNET
ADDED from samples\RPSSample\AndroidManifest.xml:27:5-67
	android:name
		ADDED from samples\RPSSample\AndroidManifest.xml:27:22-64
uses-permission#android.permission.WRITE_EXTERNAL_STORAGE
ADDED from samples\RPSSample\AndroidManifest.xml:28:5-81
	android:name
		ADDED from samples\RPSSample\AndroidManifest.xml:28:22-78
application
ADDED from samples\RPSSample\AndroidManifest.xml:30:5-78:19
MERGED from [com.facebook.android:facebook:4.16.1] AndroidManifest.xml:28:5-38:19
MERGED from [com.android.support:support-v4:23.4.0] AndroidManifest.xml:22:5-20
MERGED from [com.android.support:appcompat-v7:23.4.0] AndroidManifest.xml:25:5-20
MERGED from [com.android.support:animated-vector-drawable:23.4.0] AndroidManifest.xml:7:5-20
MERGED from [com.android.support:support-vector-drawable:23.4.0] AndroidManifest.xml:7:5-20
MERGED from [com.android.support:support-v4:23.4.0] AndroidManifest.xml:22:5-20
MERGED from [com.android.support:support-v4:23.4.0] AndroidManifest.xml:22:5-20
MERGED from [com.android.support:support-vector-drawable:23.4.0] AndroidManifest.xml:7:5-20
MERGED from [com.android.support:support-v4:23.4.0] AndroidManifest.xml:22:5-20
MERGED from [com.android.support:cardview-v7:23.4.0] AndroidManifest.xml:22:5-20
MERGED from [com.android.support:customtabs:23.4.0] AndroidManifest.xml:22:5-20
MERGED from [com.android.support:support-v4:23.4.0] AndroidManifest.xml:22:5-20
	android:label
		ADDED from samples\RPSSample\AndroidManifest.xml:33:9-41
	android:icon
		ADDED from samples\RPSSample\AndroidManifest.xml:32:9-38
	android:theme
		ADDED from samples\RPSSample\AndroidManifest.xml:34:9-56
	android:name
		ADDED from samples\RPSSample\AndroidManifest.xml:31:9-39
activity#com.example.rps.MainActivity
ADDED from samples\RPSSample\AndroidManifest.xml:35:9-54:20
	android:screenOrientation
		ADDED from samples\RPSSample\AndroidManifest.xml:38:13-49
	android:label
		ADDED from samples\RPSSample\AndroidManifest.xml:37:13-45
	android:windowSoftInputMode
		ADDED from samples\RPSSample\AndroidManifest.xml:39:13-55
	android:name
		ADDED from samples\RPSSample\AndroidManifest.xml:36:13-56
intent-filter#android.intent.action.MAIN+android.intent.category.LAUNCHER
ADDED from samples\RPSSample\AndroidManifest.xml:40:13-43:29
action#android.intent.action.MAIN
ADDED from samples\RPSSample\AndroidManifest.xml:41:17-69
	android:name
		ADDED from samples\RPSSample\AndroidManifest.xml:41:25-66
category#android.intent.category.LAUNCHER
ADDED from samples\RPSSample\AndroidManifest.xml:42:17-77
	android:name
		ADDED from samples\RPSSample\AndroidManifest.xml:42:27-74
intent-filter#android.intent.action.VIEW+android.intent.category.BROWSABLE+android.intent.category.DEFAULT
ADDED from samples\RPSSample\AndroidManifest.xml:44:13-53:29
action#android.intent.action.VIEW
ADDED from samples\RPSSample\AndroidManifest.xml:45:17-69
	android:name
		ADDED from samples\RPSSample\AndroidManifest.xml:45:25-66
category#android.intent.category.DEFAULT
ADDED from samples\RPSSample\AndroidManifest.xml:47:17-76
	android:name
		ADDED from samples\RPSSample\AndroidManifest.xml:47:27-73
category#android.intent.category.BROWSABLE
ADDED from samples\RPSSample\AndroidManifest.xml:48:17-78
	android:name
		ADDED from samples\RPSSample\AndroidManifest.xml:48:27-75
data
ADDED from samples\RPSSample\AndroidManifest.xml:50:17-52:46
	android:host
		ADDED from samples\RPSSample\AndroidManifest.xml:51:21-41
	android:scheme
		ADDED from samples\RPSSample\AndroidManifest.xml:52:21-43
activity#com.facebook.CustomTabActivity
ADDED from samples\RPSSample\AndroidManifest.xml:55:9-65:20
MERGED from [com.facebook.android:facebook:4.16.1] AndroidManifest.xml:33:9-36:20
	android:exported
		ADDED from [com.facebook.android:facebook:4.16.1] AndroidManifest.xml:35:13-36
	android:name
		ADDED from samples\RPSSample\AndroidManifest.xml:56:13-58
meta-data#com.facebook.sdk.ApplicationId
ADDED from samples\RPSSample\AndroidManifest.xml:67:9-69:46
	android:value
		ADDED from samples\RPSSample\AndroidManifest.xml:69:13-43
	android:name
		ADDED from samples\RPSSample\AndroidManifest.xml:68:13-58
meta-data#com.facebook.sdk.ApplicationName
ADDED from samples\RPSSample\AndroidManifest.xml:70:9-72:57
	android:value
		ADDED from samples\RPSSample\AndroidManifest.xml:72:13-54
	android:name
		ADDED from samples\RPSSample\AndroidManifest.xml:71:13-60
provider#com.facebook.FacebookContentProvider
ADDED from samples\RPSSample\AndroidManifest.xml:74:9-77:39
	android:authorities
		ADDED from samples\RPSSample\AndroidManifest.xml:76:13-90
	android:exported
		ADDED from samples\RPSSample\AndroidManifest.xml:77:13-36
	android:name
		ADDED from samples\RPSSample\AndroidManifest.xml:75:13-64
uses-sdk
INJECTED from samples\RPSSample\AndroidManifest.xml reason: use-sdk injection requested
MERGED from [com.facebook.android:facebook:4.16.1] AndroidManifest.xml:24:5-26:41
MERGED from [com.android.support:support-v4:23.4.0] AndroidManifest.xml:20:5-43
MERGED from [com.android.support:appcompat-v7:23.4.0] AndroidManifest.xml:21:5-23:78
MERGED from [com.android.support:animated-vector-drawable:23.4.0] AndroidManifest.xml:5:5-44
MERGED from [com.android.support:support-vector-drawable:23.4.0] AndroidManifest.xml:5:5-43
MERGED from [com.android.support:support-v4:23.4.0] AndroidManifest.xml:20:5-43
MERGED from [com.android.support:support-v4:23.4.0] AndroidManifest.xml:20:5-43
MERGED from [com.android.support:support-vector-drawable:23.4.0] AndroidManifest.xml:5:5-43
MERGED from [com.android.support:support-v4:23.4.0] AndroidManifest.xml:20:5-43
MERGED from [com.android.support:cardview-v7:23.4.0] AndroidManifest.xml:20:5-43
MERGED from [com.android.support:customtabs:23.4.0] AndroidManifest.xml:20:5-44
MERGED from [com.android.support:support-v4:23.4.0] AndroidManifest.xml:20:5-43
	tools:overrideLibrary
		ADDED from [com.android.support:appcompat-v7:23.4.0] AndroidManifest.xml:23:9-75
	android:targetSdkVersion
		INJECTED from samples\RPSSample\AndroidManifest.xml
		INJECTED from samples\RPSSample\AndroidManifest.xml
	android:minSdkVersion
		INJECTED from samples\RPSSample\AndroidManifest.xml
		INJECTED from samples\RPSSample\AndroidManifest.xml
activity#com.facebook.FacebookActivity
ADDED from [com.facebook.android:facebook:4.16.1] AndroidManifest.xml:29:9-32:66
	android:configChanges
		ADDED from [com.facebook.android:facebook:4.16.1] AndroidManifest.xml:31:13-96
	android:theme
		ADDED from [com.facebook.android:facebook:4.16.1] AndroidManifest.xml:32:13-63
	android:name
		ADDED from [com.facebook.android:facebook:4.16.1] AndroidManifest.xml:30:13-57
activity#com.facebook.CustomTabMainActivity
ADDED from [com.facebook.android:facebook:4.16.1] AndroidManifest.xml:37:9-71
	android:name
		ADDED from [com.facebook.android:facebook:4.16.1] AndroidManifest.xml:37:19-68